CRITICAL - 2023-01-18 14:25:58 --> Undefined variable $session
in APPPATH\Views\login.php on line 36.
 1 APPPATH\Views\login.php(36): CodeIgniter\Debug\Exceptions->errorHandler(2, 'Undefined variable $session', 'APPPATH\\Views\\login.php', 36)
 2 SYSTEMPATH\View\View.php(213): include('APPPATH\\Views\\login.php')
 3 SYSTEMPATH\View\View.php(216): CodeIgniter\View\View->CodeIgniter\View\{closure}()
 4 SYSTEMPATH\Common.php(1134): CodeIgniter\View\View->render('login', [], true)
 5 APPPATH\Controllers\Home.php(29): view('login')
 6 SYSTEMPATH\CodeIgniter.php(927): App\Controllers\Home->login()
 7 SYSTEMPATH\CodeIgniter.php(482): CodeIgniter\CodeIgniter->runController(Object(App\Controllers\Home))
 8 SYSTEMPATH\CodeIgniter.php(351): CodeIgniter\CodeIgniter->handleRequest(null, Object(Config\Cache), false)
 9 FCPATH\index.php(67): CodeIgniter\CodeIgniter->run()
CRITICAL - 2023-01-18 14:31:20 --> Undefined variable $username
in APPPATH\Views\topnavbar.php on line 18.
 1 APPPATH\Views\topnavbar.php(18): CodeIgniter\Debug\Exceptions->errorHandler(2, 'Undefined variable $username', 'APPPATH\\Views\\topnavbar.php', 18)
 2 SYSTEMPATH\View\View.php(213): include('APPPATH\\Views\\topnavbar.php')
 3 SYSTEMPATH\View\View.php(216): CodeIgniter\View\View->CodeIgniter\View\{closure}()
 4 SYSTEMPATH\View\View.php(431): CodeIgniter\View\View->render('topnavbar', null, true)
 5 APPPATH\Views\resume.php(7): CodeIgniter\View\View->include('topnavbar')
 6 SYSTEMPATH\View\View.php(213): include('APPPATH\\Views\\resume.php')
 7 SYSTEMPATH\View\View.php(216): CodeIgniter\View\View->CodeIgniter\View\{closure}()
 8 SYSTEMPATH\Common.php(1134): CodeIgniter\View\View->render('resume', [], true)
 9 APPPATH\Controllers\Admin.php(204): view('resume')
10 SYSTEMPATH\CodeIgniter.php(927): App\Controllers\Admin->resume()
11 SYSTEMPATH\CodeIgniter.php(482): CodeIgniter\CodeIgniter->runController(Object(App\Controllers\Admin))
12 SYSTEMPATH\CodeIgniter.php(351): CodeIgniter\CodeIgniter->handleRequest(null, Object(Config\Cache), false)
13 FCPATH\index.php(67): CodeIgniter\CodeIgniter->run()
CRITICAL - 2023-01-18 14:31:58 --> Undefined variable $username
in APPPATH\Views\topnavbar.php on line 18.
 1 APPPATH\Views\topnavbar.php(18): CodeIgniter\Debug\Exceptions->errorHandler(2, 'Undefined variable $username', 'APPPATH\\Views\\topnavbar.php', 18)
 2 SYSTEMPATH\View\View.php(213): include('APPPATH\\Views\\topnavbar.php')
 3 SYSTEMPATH\View\View.php(216): CodeIgniter\View\View->CodeIgniter\View\{closure}()
 4 SYSTEMPATH\View\View.php(431): CodeIgniter\View\View->render('topnavbar', null, true)
 5 APPPATH\Views\resume.php(7): CodeIgniter\View\View->include('topnavbar')
 6 SYSTEMPATH\View\View.php(213): include('APPPATH\\Views\\resume.php')
 7 SYSTEMPATH\View\View.php(216): CodeIgniter\View\View->CodeIgniter\View\{closure}()
 8 SYSTEMPATH\Common.php(1134): CodeIgniter\View\View->render('resume', [], true)
 9 APPPATH\Controllers\Admin.php(204): view('resume')
10 SYSTEMPATH\CodeIgniter.php(927): App\Controllers\Admin->resume()
11 SYSTEMPATH\CodeIgniter.php(482): CodeIgniter\CodeIgniter->runController(Object(App\Controllers\Admin))
12 SYSTEMPATH\CodeIgniter.php(351): CodeIgniter\CodeIgniter->handleRequest(null, Object(Config\Cache), false)
13 FCPATH\index.php(67): CodeIgniter\CodeIgniter->run()
CRITICAL - 2023-01-18 14:32:02 --> Undefined variable $username
in APPPATH\Views\topnavbar.php on line 18.
 1 APPPATH\Views\topnavbar.php(18): CodeIgniter\Debug\Exceptions->errorHandler(2, 'Undefined variable $username', 'APPPATH\\Views\\topnavbar.php', 18)
 2 SYSTEMPATH\View\View.php(213): include('APPPATH\\Views\\topnavbar.php')
 3 SYSTEMPATH\View\View.php(216): CodeIgniter\View\View->CodeIgniter\View\{closure}()
 4 SYSTEMPATH\View\View.php(431): CodeIgniter\View\View->render('topnavbar', null, true)
 5 APPPATH\Views\resume.php(7): CodeIgniter\View\View->include('topnavbar')
 6 SYSTEMPATH\View\View.php(213): include('APPPATH\\Views\\resume.php')
 7 SYSTEMPATH\View\View.php(216): CodeIgniter\View\View->CodeIgniter\View\{closure}()
 8 SYSTEMPATH\Common.php(1134): CodeIgniter\View\View->render('resume', [], true)
 9 APPPATH\Controllers\Admin.php(204): view('resume')
10 SYSTEMPATH\CodeIgniter.php(927): App\Controllers\Admin->resume()
11 SYSTEMPATH\CodeIgniter.php(482): CodeIgniter\CodeIgniter->runController(Object(App\Controllers\Admin))
12 SYSTEMPATH\CodeIgniter.php(351): CodeIgniter\CodeIgniter->handleRequest(null, Object(Config\Cache), false)
13 FCPATH\index.php(67): CodeIgniter\CodeIgniter->run()
CRITICAL - 2023-01-18 14:36:34 --> Undefined variable $username
in APPPATH\Views\topnavbar.php on line 18.
 1 APPPATH\Views\topnavbar.php(18): CodeIgniter\Debug\Exceptions->errorHandler(2, 'Undefined variable $username', 'APPPATH\\Views\\topnavbar.php', 18)
 2 SYSTEMPATH\View\View.php(213): include('APPPATH\\Views\\topnavbar.php')
 3 SYSTEMPATH\View\View.php(216): CodeIgniter\View\View->CodeIgniter\View\{closure}()
 4 SYSTEMPATH\View\View.php(431): CodeIgniter\View\View->render('topnavbar', null, true)
 5 APPPATH\Views\data_rekomendasi.php(7): CodeIgniter\View\View->include('topnavbar')
 6 SYSTEMPATH\View\View.php(213): include('APPPATH\\Views\\data_rekomendasi.php')
 7 SYSTEMPATH\View\View.php(216): CodeIgniter\View\View->CodeIgniter\View\{closure}()
 8 SYSTEMPATH\Common.php(1134): CodeIgniter\View\View->render('data_rekomendasi', [], true)
 9 APPPATH\Controllers\Admin.php(59): view('data_rekomendasi', [...])
10 SYSTEMPATH\CodeIgniter.php(927): App\Controllers\Admin->data_rekomendasi()
11 SYSTEMPATH\CodeIgniter.php(482): CodeIgniter\CodeIgniter->runController(Object(App\Controllers\Admin))
12 SYSTEMPATH\CodeIgniter.php(351): CodeIgniter\CodeIgniter->handleRequest(null, Object(Config\Cache), false)
13 FCPATH\index.php(67): CodeIgniter\CodeIgniter->run()
CRITICAL - 2023-01-18 14:36:43 --> Undefined variable $username
in APPPATH\Views\topnavbar.php on line 18.
 1 APPPATH\Views\topnavbar.php(18): CodeIgniter\Debug\Exceptions->errorHandler(2, 'Undefined variable $username', 'APPPATH\\Views\\topnavbar.php', 18)
 2 SYSTEMPATH\View\View.php(213): include('APPPATH\\Views\\topnavbar.php')
 3 SYSTEMPATH\View\View.php(216): CodeIgniter\View\View->CodeIgniter\View\{closure}()
 4 SYSTEMPATH\View\View.php(431): CodeIgniter\View\View->render('topnavbar', null, true)
 5 APPPATH\Views\data_model_unit.php(7): CodeIgniter\View\View->include('topnavbar')
 6 SYSTEMPATH\View\View.php(213): include('APPPATH\\Views\\data_model_unit.php')
 7 SYSTEMPATH\View\View.php(216): CodeIgniter\View\View->CodeIgniter\View\{closure}()
 8 SYSTEMPATH\Common.php(1134): CodeIgniter\View\View->render('data_model_unit', [], true)
 9 APPPATH\Controllers\Admin.php(41): view('data_model_unit', [...])
10 SYSTEMPATH\CodeIgniter.php(927): App\Controllers\Admin->data_model_unit()
11 SYSTEMPATH\CodeIgniter.php(482): CodeIgniter\CodeIgniter->runController(Object(App\Controllers\Admin))
12 SYSTEMPATH\CodeIgniter.php(351): CodeIgniter\CodeIgniter->handleRequest(null, Object(Config\Cache), false)
13 FCPATH\index.php(67): CodeIgniter\CodeIgniter->run()
CRITICAL - 2023-01-18 14:38:51 --> Undefined variable $username
in APPPATH\Views\topnavbar.php on line 18.
 1 APPPATH\Views\topnavbar.php(18): CodeIgniter\Debug\Exceptions->errorHandler(2, 'Undefined variable $username', 'APPPATH\\Views\\topnavbar.php', 18)
 2 SYSTEMPATH\View\View.php(213): include('APPPATH\\Views\\topnavbar.php')
 3 SYSTEMPATH\View\View.php(216): CodeIgniter\View\View->CodeIgniter\View\{closure}()
 4 SYSTEMPATH\View\View.php(431): CodeIgniter\View\View->render('topnavbar', null, true)
 5 APPPATH\Views\data_model_unit.php(7): CodeIgniter\View\View->include('topnavbar')
 6 SYSTEMPATH\View\View.php(213): include('APPPATH\\Views\\data_model_unit.php')
 7 SYSTEMPATH\View\View.php(216): CodeIgniter\View\View->CodeIgniter\View\{closure}()
 8 SYSTEMPATH\Common.php(1134): CodeIgniter\View\View->render('data_model_unit', [], true)
 9 APPPATH\Controllers\Admin.php(50): view('data_model_unit', [...])
10 SYSTEMPATH\CodeIgniter.php(927): App\Controllers\Admin->data_model_unit()
11 SYSTEMPATH\CodeIgniter.php(482): CodeIgniter\CodeIgniter->runController(Object(App\Controllers\Admin))
12 SYSTEMPATH\CodeIgniter.php(351): CodeIgniter\CodeIgniter->handleRequest(null, Object(Config\Cache), false)
13 FCPATH\index.php(67): CodeIgniter\CodeIgniter->run()
CRITICAL - 2023-01-18 14:38:53 --> Undefined variable $username
in APPPATH\Views\topnavbar.php on line 18.
 1 APPPATH\Views\topnavbar.php(18): CodeIgniter\Debug\Exceptions->errorHandler(2, 'Undefined variable $username', 'APPPATH\\Views\\topnavbar.php', 18)
 2 SYSTEMPATH\View\View.php(213): include('APPPATH\\Views\\topnavbar.php')
 3 SYSTEMPATH\View\View.php(216): CodeIgniter\View\View->CodeIgniter\View\{closure}()
 4 SYSTEMPATH\View\View.php(431): CodeIgniter\View\View->render('topnavbar', null, true)
 5 APPPATH\Views\data_model_unit.php(7): CodeIgniter\View\View->include('topnavbar')
 6 SYSTEMPATH\View\View.php(213): include('APPPATH\\Views\\data_model_unit.php')
 7 SYSTEMPATH\View\View.php(216): CodeIgniter\View\View->CodeIgniter\View\{closure}()
 8 SYSTEMPATH\Common.php(1134): CodeIgniter\View\View->render('data_model_unit', [], true)
 9 APPPATH\Controllers\Admin.php(50): view('data_model_unit', [...])
10 SYSTEMPATH\CodeIgniter.php(927): App\Controllers\Admin->data_model_unit()
11 SYSTEMPATH\CodeIgniter.php(482): CodeIgniter\CodeIgniter->runController(Object(App\Controllers\Admin))
12 SYSTEMPATH\CodeIgniter.php(351): CodeIgniter\CodeIgniter->handleRequest(null, Object(Config\Cache), false)
13 FCPATH\index.php(67): CodeIgniter\CodeIgniter->run()
CRITICAL - 2023-01-18 14:40:33 --> Undefined variable $username
in APPPATH\Views\topnavbar.php on line 18.
 1 APPPATH\Views\topnavbar.php(18): CodeIgniter\Debug\Exceptions->errorHandler(2, 'Undefined variable $username', 'APPPATH\\Views\\topnavbar.php', 18)
 2 SYSTEMPATH\View\View.php(213): include('APPPATH\\Views\\topnavbar.php')
 3 SYSTEMPATH\View\View.php(216): CodeIgniter\View\View->CodeIgniter\View\{closure}()
 4 SYSTEMPATH\View\View.php(431): CodeIgniter\View\View->render('topnavbar', null, true)
 5 APPPATH\Views\data_komponen.php(7): CodeIgniter\View\View->include('topnavbar')
 6 SYSTEMPATH\View\View.php(213): include('APPPATH\\Views\\data_komponen.php')
 7 SYSTEMPATH\View\View.php(216): CodeIgniter\View\View->CodeIgniter\View\{closure}()
 8 SYSTEMPATH\Common.php(1134): CodeIgniter\View\View->render('data_komponen', [], true)
 9 APPPATH\Controllers\Admin.php(62): view('data_komponen', [...])
10 SYSTEMPATH\CodeIgniter.php(927): App\Controllers\Admin->data_komponen()
11 SYSTEMPATH\CodeIgniter.php(482): CodeIgniter\CodeIgniter->runController(Object(App\Controllers\Admin))
12 SYSTEMPATH\CodeIgniter.php(351): CodeIgniter\CodeIgniter->handleRequest(null, Object(Config\Cache), false)
13 FCPATH\index.php(67): CodeIgniter\CodeIgniter->run()
CRITICAL - 2023-01-18 14:41:02 --> Undefined variable $session
in APPPATH\Controllers\Admin.php on line 44.
 1 APPPATH\Controllers\Admin.php(44): CodeIgniter\Debug\Exceptions->errorHandler(2, 'Undefined variable $session', 'APPPATH\\Controllers\\Admin.php', 44)
 2 SYSTEMPATH\CodeIgniter.php(927): App\Controllers\Admin->data_model_unit()
 3 SYSTEMPATH\CodeIgniter.php(482): CodeIgniter\CodeIgniter->runController(Object(App\Controllers\Admin))
 4 SYSTEMPATH\CodeIgniter.php(351): CodeIgniter\CodeIgniter->handleRequest(null, Object(Config\Cache), false)
 5 FCPATH\index.php(67): CodeIgniter\CodeIgniter->run()
CRITICAL - 2023-01-18 14:42:33 --> Undefined variable $session
in APPPATH\Controllers\Admin.php on line 44.
 1 APPPATH\Controllers\Admin.php(44): CodeIgniter\Debug\Exceptions->errorHandler(2, 'Undefined variable $session', 'APPPATH\\Controllers\\Admin.php', 44)
 2 SYSTEMPATH\CodeIgniter.php(927): App\Controllers\Admin->data_model_unit()
 3 SYSTEMPATH\CodeIgniter.php(482): CodeIgniter\CodeIgniter->runController(Object(App\Controllers\Admin))
 4 SYSTEMPATH\CodeIgniter.php(351): CodeIgniter\CodeIgniter->handleRequest(null, Object(Config\Cache), false)
 5 FCPATH\index.php(67): CodeIgniter\CodeIgniter->run()
CRITICAL - 2023-01-18 14:43:16 --> Undefined variable $username
in APPPATH\Views\topnavbar.php on line 18.
 1 APPPATH\Views\topnavbar.php(18): CodeIgniter\Debug\Exceptions->errorHandler(2, 'Undefined variable $username', 'APPPATH\\Views\\topnavbar.php', 18)
 2 SYSTEMPATH\View\View.php(213): include('APPPATH\\Views\\topnavbar.php')
 3 SYSTEMPATH\View\View.php(216): CodeIgniter\View\View->CodeIgniter\View\{closure}()
 4 SYSTEMPATH\View\View.php(431): CodeIgniter\View\View->render('topnavbar', null, true)
 5 APPPATH\Views\data_komponen.php(7): CodeIgniter\View\View->include('topnavbar')
 6 SYSTEMPATH\View\View.php(213): include('APPPATH\\Views\\data_komponen.php')
 7 SYSTEMPATH\View\View.php(216): CodeIgniter\View\View->CodeIgniter\View\{closure}()
 8 SYSTEMPATH\Common.php(1134): CodeIgniter\View\View->render('data_komponen', [], true)
 9 APPPATH\Controllers\Admin.php(62): view('data_komponen', [...])
10 SYSTEMPATH\CodeIgniter.php(927): App\Controllers\Admin->data_komponen()
11 SYSTEMPATH\CodeIgniter.php(482): CodeIgniter\CodeIgniter->runController(Object(App\Controllers\Admin))
12 SYSTEMPATH\CodeIgniter.php(351): CodeIgniter\CodeIgniter->handleRequest(null, Object(Config\Cache), false)
13 FCPATH\index.php(67): CodeIgniter\CodeIgniter->run()
CRITICAL - 2023-01-18 14:43:55 --> Undefined variable $username
in APPPATH\Views\topnavbar.php on line 18.
 1 APPPATH\Views\topnavbar.php(18): CodeIgniter\Debug\Exceptions->errorHandler(2, 'Undefined variable $username', 'APPPATH\\Views\\topnavbar.php', 18)
 2 SYSTEMPATH\View\View.php(213): include('APPPATH\\Views\\topnavbar.php')
 3 SYSTEMPATH\View\View.php(216): CodeIgniter\View\View->CodeIgniter\View\{closure}()
 4 SYSTEMPATH\View\View.php(431): CodeIgniter\View\View->render('topnavbar', null, true)
 5 APPPATH\Views\data_rekomendasi.php(7): CodeIgniter\View\View->include('topnavbar')
 6 SYSTEMPATH\View\View.php(213): include('APPPATH\\Views\\data_rekomendasi.php')
 7 SYSTEMPATH\View\View.php(216): CodeIgniter\View\View->CodeIgniter\View\{closure}()
 8 SYSTEMPATH\Common.php(1134): CodeIgniter\View\View->render('data_rekomendasi', [], true)
 9 APPPATH\Controllers\Admin.php(82): view('data_rekomendasi', [...])
10 SYSTEMPATH\CodeIgniter.php(927): App\Controllers\Admin->data_rekomendasi()
11 SYSTEMPATH\CodeIgniter.php(482): CodeIgniter\CodeIgniter->runController(Object(App\Controllers\Admin))
12 SYSTEMPATH\CodeIgniter.php(351): CodeIgniter\CodeIgniter->handleRequest(null, Object(Config\Cache), false)
13 FCPATH\index.php(67): CodeIgniter\CodeIgniter->run()
CRITICAL - 2023-01-18 14:47:05 --> Undefined variable $username
in APPPATH\Views\topnavbar.php on line 18.
 1 APPPATH\Views\topnavbar.php(18): CodeIgniter\Debug\Exceptions->errorHandler(2, 'Undefined variable $username', 'APPPATH\\Views\\topnavbar.php', 18)
 2 SYSTEMPATH\View\View.php(213): include('APPPATH\\Views\\topnavbar.php')
 3 SYSTEMPATH\View\View.php(216): CodeIgniter\View\View->CodeIgniter\View\{closure}()
 4 SYSTEMPATH\View\View.php(431): CodeIgniter\View\View->render('topnavbar', null, true)
 5 APPPATH\Views\form_update.php(7): CodeIgniter\View\View->include('topnavbar')
 6 SYSTEMPATH\View\View.php(213): include('APPPATH\\Views\\form_update.php')
 7 SYSTEMPATH\View\View.php(216): CodeIgniter\View\View->CodeIgniter\View\{closure}()
 8 SYSTEMPATH\Common.php(1134): CodeIgniter\View\View->render('form_update', [], true)
 9 APPPATH\Controllers\Admin.php(314): view('form_update', [...])
10 SYSTEMPATH\CodeIgniter.php(927): App\Controllers\Admin->update('1')
11 SYSTEMPATH\CodeIgniter.php(482): CodeIgniter\CodeIgniter->runController(Object(App\Controllers\Admin))
12 SYSTEMPATH\CodeIgniter.php(351): CodeIgniter\CodeIgniter->handleRequest(null, Object(Config\Cache), false)
13 FCPATH\index.php(67): CodeIgniter\CodeIgniter->run()
CRITICAL - 2023-01-18 14:47:25 --> Undefined variable $username
in APPPATH\Views\topnavbar.php on line 18.
 1 APPPATH\Views\topnavbar.php(18): CodeIgniter\Debug\Exceptions->errorHandler(2, 'Undefined variable $username', 'APPPATH\\Views\\topnavbar.php', 18)
 2 SYSTEMPATH\View\View.php(213): include('APPPATH\\Views\\topnavbar.php')
 3 SYSTEMPATH\View\View.php(216): CodeIgniter\View\View->CodeIgniter\View\{closure}()
 4 SYSTEMPATH\View\View.php(431): CodeIgniter\View\View->render('topnavbar', null, true)
 5 APPPATH\Views\form_update.php(7): CodeIgniter\View\View->include('topnavbar')
 6 SYSTEMPATH\View\View.php(213): include('APPPATH\\Views\\form_update.php')
 7 SYSTEMPATH\View\View.php(216): CodeIgniter\View\View->CodeIgniter\View\{closure}()
 8 SYSTEMPATH\Common.php(1134): CodeIgniter\View\View->render('form_update', [], true)
 9 APPPATH\Controllers\Admin.php(314): view('form_update', [...])
10 SYSTEMPATH\CodeIgniter.php(927): App\Controllers\Admin->update('1')
11 SYSTEMPATH\CodeIgniter.php(482): CodeIgniter\CodeIgniter->runController(Object(App\Controllers\Admin))
12 SYSTEMPATH\CodeIgniter.php(351): CodeIgniter\CodeIgniter->handleRequest(null, Object(Config\Cache), false)
13 FCPATH\index.php(67): CodeIgniter\CodeIgniter->run()
CRITICAL - 2023-01-18 15:03:52 --> Could not check compatibility between App\Controllers\PrintForm::initController(App\Controllers\RequestInterface $request, App\Controllers\ResponseInterface $response, App\Controllers\LoggerInterface $logger) and CodeIgniter\Controller::initController(CodeIgniter\HTTP\RequestInterface $request, CodeIgniter\HTTP\ResponseInterface $response, Psr\Log\LoggerInterface $logger), because class App\Controllers\RequestInterface is not available
in APPPATH\Controllers\PrintForm.php on line 11.
 1 [internal function]: CodeIgniter\Debug\Exceptions->shutdownHandler()
