CRITICAL - 2022-12-20 03:20:57 --> Call to a member function getMethod() on null
in APPPATH\Controllers\Admin.php on line 30.
 1 SYSTEMPATH\CodeIgniter.php(927): App\Controllers\Admin->get_code_unit()
 2 SYSTEMPATH\CodeIgniter.php(482): CodeIgniter\CodeIgniter->runController(Object(App\Controllers\Admin))
 3 SYSTEMPATH\CodeIgniter.php(351): CodeIgniter\CodeIgniter->handleRequest(null, Object(Config\Cache), false)
 4 FCPATH\index.php(67): CodeIgniter\CodeIgniter->run()
CRITICAL - 2022-12-20 04:12:27 --> Too few arguments to function App\Controllers\Admin::get_code_unit(), 0 passed in D:\Git Repo\pt-ppa\system\CodeIgniter.php on line 927 and exactly 1 expected
in APPPATH\Controllers\Admin.php on line 30.
 1 SYSTEMPATH\CodeIgniter.php(927): App\Controllers\Admin->get_code_unit()
 2 SYSTEMPATH\CodeIgniter.php(482): CodeIgniter\CodeIgniter->runController(Object(App\Controllers\Admin))
 3 SYSTEMPATH\CodeIgniter.php(351): CodeIgniter\CodeIgniter->handleRequest(null, Object(Config\Cache), false)
 4 FCPATH\index.php(67): CodeIgniter\CodeIgniter->run()
CRITICAL - 2022-12-20 04:21:38 --> Too few arguments to function App\Controllers\Admin::get_code_unit(), 0 passed in D:\Git Repo\pt-ppa\system\CodeIgniter.php on line 927 and exactly 1 expected
in APPPATH\Controllers\Admin.php on line 30.
 1 SYSTEMPATH\CodeIgniter.php(927): App\Controllers\Admin->get_code_unit()
 2 SYSTEMPATH\CodeIgniter.php(482): CodeIgniter\CodeIgniter->runController(Object(App\Controllers\Admin))
 3 SYSTEMPATH\CodeIgniter.php(351): CodeIgniter\CodeIgniter->handleRequest(null, Object(Config\Cache), false)
 4 FCPATH\index.php(67): CodeIgniter\CodeIgniter->run()
CRITICAL - 2022-12-20 04:22:05 --> Too few arguments to function App\Controllers\Admin::get_code_unit(), 0 passed in D:\Git Repo\pt-ppa\system\CodeIgniter.php on line 927 and exactly 1 expected
in APPPATH\Controllers\Admin.php on line 30.
 1 SYSTEMPATH\CodeIgniter.php(927): App\Controllers\Admin->get_code_unit()
 2 SYSTEMPATH\CodeIgniter.php(482): CodeIgniter\CodeIgniter->runController(Object(App\Controllers\Admin))
 3 SYSTEMPATH\CodeIgniter.php(351): CodeIgniter\CodeIgniter->handleRequest(null, Object(Config\Cache), false)
 4 FCPATH\index.php(67): CodeIgniter\CodeIgniter->run()
CRITICAL - 2022-12-20 04:35:42 --> Too few arguments to function App\Controllers\Admin::get_code_unit(), 0 passed in D:\Git Repo\pt-ppa\system\CodeIgniter.php on line 927 and exactly 1 expected
in APPPATH\Controllers\Admin.php on line 30.
 1 SYSTEMPATH\CodeIgniter.php(927): App\Controllers\Admin->get_code_unit()
 2 SYSTEMPATH\CodeIgniter.php(482): CodeIgniter\CodeIgniter->runController(Object(App\Controllers\Admin))
 3 SYSTEMPATH\CodeIgniter.php(351): CodeIgniter\CodeIgniter->handleRequest(null, Object(Config\Cache), false)
 4 FCPATH\index.php(67): CodeIgniter\CodeIgniter->run()
CRITICAL - 2022-12-20 04:35:50 --> Too few arguments to function App\Controllers\Admin::get_code_unit(), 0 passed in D:\Git Repo\pt-ppa\system\CodeIgniter.php on line 927 and exactly 1 expected
in APPPATH\Controllers\Admin.php on line 30.
 1 SYSTEMPATH\CodeIgniter.php(927): App\Controllers\Admin->get_code_unit()
 2 SYSTEMPATH\CodeIgniter.php(482): CodeIgniter\CodeIgniter->runController(Object(App\Controllers\Admin))
 3 SYSTEMPATH\CodeIgniter.php(351): CodeIgniter\CodeIgniter->handleRequest(null, Object(Config\Cache), false)
 4 FCPATH\index.php(67): CodeIgniter\CodeIgniter->run()
CRITICAL - 2022-12-20 04:36:05 --> Too few arguments to function App\Controllers\Admin::get_code_unit(), 0 passed in D:\Git Repo\pt-ppa\system\CodeIgniter.php on line 927 and exactly 1 expected
in APPPATH\Controllers\Admin.php on line 30.
 1 SYSTEMPATH\CodeIgniter.php(927): App\Controllers\Admin->get_code_unit()
 2 SYSTEMPATH\CodeIgniter.php(482): CodeIgniter\CodeIgniter->runController(Object(App\Controllers\Admin))
 3 SYSTEMPATH\CodeIgniter.php(351): CodeIgniter\CodeIgniter->handleRequest(null, Object(Config\Cache), false)
 4 FCPATH\index.php(67): CodeIgniter\CodeIgniter->run()
CRITICAL - 2022-12-20 04:37:16 --> Too few arguments to function App\Controllers\Admin::get_code_unit(), 0 passed in D:\Git Repo\pt-ppa\system\CodeIgniter.php on line 927 and exactly 1 expected
in APPPATH\Controllers\Admin.php on line 30.
 1 SYSTEMPATH\CodeIgniter.php(927): App\Controllers\Admin->get_code_unit()
 2 SYSTEMPATH\CodeIgniter.php(482): CodeIgniter\CodeIgniter->runController(Object(App\Controllers\Admin))
 3 SYSTEMPATH\CodeIgniter.php(351): CodeIgniter\CodeIgniter->handleRequest(null, Object(Config\Cache), false)
 4 FCPATH\index.php(67): CodeIgniter\CodeIgniter->run()
CRITICAL - 2022-12-20 05:55:28 --> Undefined class constant 'getModelUnit'
in APPPATH\Controllers\Admin.php on line 25.
 1 SYSTEMPATH\CodeIgniter.php(927): App\Controllers\Admin->input()
 2 SYSTEMPATH\CodeIgniter.php(482): CodeIgniter\CodeIgniter->runController(Object(App\Controllers\Admin))
 3 SYSTEMPATH\CodeIgniter.php(351): CodeIgniter\CodeIgniter->handleRequest(null, Object(Config\Cache), false)
 4 FCPATH\index.php(67): CodeIgniter\CodeIgniter->run()
CRITICAL - 2022-12-20 06:03:13 --> Argument 2 passed to CodeIgniter\Database\BaseBuilder::getWhere() must be of the type int or null, string given, called in D:\Git Repo\pt-ppa\app\Models\FollowupModel.php on line 43
in SYSTEMPATH\Database\BaseBuilder.php on line 1706.
 1 APPPATH\Models\FollowupModel.php(43): CodeIgniter\Database\BaseBuilder->getWhere('model_unit', 'PC1250SP-11R')
 2 APPPATH\Controllers\Admin.php(43): App\Models\FollowupModel->getCodeUnit('PC1250SP-11R')
 3 SYSTEMPATH\CodeIgniter.php(927): App\Controllers\Admin->get_code_unit()
 4 SYSTEMPATH\CodeIgniter.php(482): CodeIgniter\CodeIgniter->runController(Object(App\Controllers\Admin))
 5 SYSTEMPATH\CodeIgniter.php(351): CodeIgniter\CodeIgniter->handleRequest(null, Object(Config\Cache), false)
 6 FCPATH\index.php(67): CodeIgniter\CodeIgniter->run()
CRITICAL - 2022-12-20 08:00:47 --> Call to a member function getVar() on null
in APPPATH\Controllers\Admin.php on line 36.
 1 SYSTEMPATH\CodeIgniter.php(927): App\Controllers\Admin->get_code_unit()
 2 SYSTEMPATH\CodeIgniter.php(482): CodeIgniter\CodeIgniter->runController(Object(App\Controllers\Admin))
 3 SYSTEMPATH\CodeIgniter.php(351): CodeIgniter\CodeIgniter->handleRequest(null, Object(Config\Cache), false)
 4 FCPATH\index.php(67): CodeIgniter\CodeIgniter->run()
CRITICAL - 2022-12-20 08:41:09 --> Call to undefined method App\Controllers\Admin::getModelUnit()
in APPPATH\Controllers\Admin.php on line 25.
 1 SYSTEMPATH\CodeIgniter.php(927): App\Controllers\Admin->input()
 2 SYSTEMPATH\CodeIgniter.php(482): CodeIgniter\CodeIgniter->runController(Object(App\Controllers\Admin))
 3 SYSTEMPATH\CodeIgniter.php(351): CodeIgniter\CodeIgniter->handleRequest(null, Object(Config\Cache), false)
 4 FCPATH\index.php(67): CodeIgniter\CodeIgniter->run()
CRITICAL - 2022-12-20 08:41:10 --> Call to undefined method App\Controllers\Admin::getModelUnit()
in APPPATH\Controllers\Admin.php on line 25.
 1 SYSTEMPATH\CodeIgniter.php(927): App\Controllers\Admin->input()
 2 SYSTEMPATH\CodeIgniter.php(482): CodeIgniter\CodeIgniter->runController(Object(App\Controllers\Admin))
 3 SYSTEMPATH\CodeIgniter.php(351): CodeIgniter\CodeIgniter->handleRequest(null, Object(Config\Cache), false)
 4 FCPATH\index.php(67): CodeIgniter\CodeIgniter->run()
