CRITICAL - 2023-01-16 13:51:27 --> Call to undefined method CodeIgniter\Config\Services::set()
in APPPATH\Controllers\Home.php on line 53.
 1 SYSTEMPATH\CodeIgniter.php(927): App\Controllers\Home->loginproses()
 2 SYSTEMPATH\CodeIgniter.php(482): CodeIgniter\CodeIgniter->runController(Object(App\Controllers\Home))
 3 SYSTEMPATH\CodeIgniter.php(351): CodeIgniter\CodeIgniter->handleRequest(null, Object(Config\Cache), false)
 4 FCPATH\index.php(67): CodeIgniter\CodeIgniter->run()
CRITICAL - 2023-01-16 15:33:03 --> Undefined variable $username
in APPPATH\Views\sidenav.php on line 34.
 1 APPPATH\Views\sidenav.php(34): CodeIgniter\Debug\Exceptions->errorHandler(2, 'Undefined variable $username', 'APPPATH\\Views\\sidenav.php', 34)
 2 SYSTEMPATH\View\View.php(213): include('APPPATH\\Views\\sidenav.php')
 3 SYSTEMPATH\View\View.php(216): CodeIgniter\View\View->CodeIgniter\View\{closure}()
 4 SYSTEMPATH\View\View.php(431): CodeIgniter\View\View->render('sidenav', null, true)
 5 APPPATH\Views\form_input_cbm.php(11): CodeIgniter\View\View->include('sidenav')
 6 SYSTEMPATH\View\View.php(213): include('APPPATH\\Views\\form_input_cbm.php')
 7 SYSTEMPATH\View\View.php(216): CodeIgniter\View\View->CodeIgniter\View\{closure}()
 8 SYSTEMPATH\Common.php(1134): CodeIgniter\View\View->render('form_input_cbm', [], true)
 9 APPPATH\Controllers\Admin.php(59): view('form_input_cbm', [...])
10 SYSTEMPATH\CodeIgniter.php(927): App\Controllers\Admin->input()
11 SYSTEMPATH\CodeIgniter.php(482): CodeIgniter\CodeIgniter->runController(Object(App\Controllers\Admin))
12 SYSTEMPATH\CodeIgniter.php(351): CodeIgniter\CodeIgniter->handleRequest(null, Object(Config\Cache), false)
13 FCPATH\index.php(67): CodeIgniter\CodeIgniter->run()
CRITICAL - 2023-01-16 15:44:10 --> Undefined variable $username
in APPPATH\Views\topnavbar.php on line 18.
 1 APPPATH\Views\topnavbar.php(18): CodeIgniter\Debug\Exceptions->errorHandler(2, 'Undefined variable $username', 'APPPATH\\Views\\topnavbar.php', 18)
 2 SYSTEMPATH\View\View.php(213): include('APPPATH\\Views\\topnavbar.php')
 3 SYSTEMPATH\View\View.php(216): CodeIgniter\View\View->CodeIgniter\View\{closure}()
 4 SYSTEMPATH\View\View.php(431): CodeIgniter\View\View->render('topnavbar', null, true)
 5 APPPATH\Views\data_model_unit.php(7): CodeIgniter\View\View->include('topnavbar')
 6 SYSTEMPATH\View\View.php(213): include('APPPATH\\Views\\data_model_unit.php')
 7 SYSTEMPATH\View\View.php(216): CodeIgniter\View\View->CodeIgniter\View\{closure}()
 8 SYSTEMPATH\Common.php(1134): CodeIgniter\View\View->render('data_model_unit', [], true)
 9 APPPATH\Controllers\Admin.php(22): view('data_model_unit', [...])
10 SYSTEMPATH\CodeIgniter.php(927): App\Controllers\Admin->data_model_unit()
11 SYSTEMPATH\CodeIgniter.php(482): CodeIgniter\CodeIgniter->runController(Object(App\Controllers\Admin))
12 SYSTEMPATH\CodeIgniter.php(351): CodeIgniter\CodeIgniter->handleRequest(null, Object(Config\Cache), false)
13 FCPATH\index.php(67): CodeIgniter\CodeIgniter->run()
CRITICAL - 2023-01-16 15:51:45 --> Undefined variable $username
in APPPATH\Views\topnavbar.php on line 18.
 1 APPPATH\Views\topnavbar.php(18): CodeIgniter\Debug\Exceptions->errorHandler(2, 'Undefined variable $username', 'APPPATH\\Views\\topnavbar.php', 18)
 2 SYSTEMPATH\View\View.php(213): include('APPPATH\\Views\\topnavbar.php')
 3 SYSTEMPATH\View\View.php(216): CodeIgniter\View\View->CodeIgniter\View\{closure}()
 4 SYSTEMPATH\View\View.php(431): CodeIgniter\View\View->render('topnavbar', null, true)
 5 APPPATH\Views\form_input_cbm.php(7): CodeIgniter\View\View->include('topnavbar')
 6 SYSTEMPATH\View\View.php(213): include('APPPATH\\Views\\form_input_cbm.php')
 7 SYSTEMPATH\View\View.php(216): CodeIgniter\View\View->CodeIgniter\View\{closure}()
 8 SYSTEMPATH\Common.php(1134): CodeIgniter\View\View->render('form_input_cbm', [], true)
 9 APPPATH\Controllers\Admin.php(59): view('form_input_cbm', [...])
10 SYSTEMPATH\CodeIgniter.php(927): App\Controllers\Admin->input()
11 SYSTEMPATH\CodeIgniter.php(482): CodeIgniter\CodeIgniter->runController(Object(App\Controllers\Admin))
12 SYSTEMPATH\CodeIgniter.php(351): CodeIgniter\CodeIgniter->handleRequest(null, Object(Config\Cache), false)
13 FCPATH\index.php(67): CodeIgniter\CodeIgniter->run()
CRITICAL - 2023-01-16 15:55:24 --> Could not check compatibility between App\Controllers\Home::initController(App\Controllers\RequestInterface $request, App\Controllers\ResponseInterface $response, App\Controllers\LoggerInterface $logger) and App\Controllers\BaseController::initController(CodeIgniter\HTTP\RequestInterface $request, CodeIgniter\HTTP\ResponseInterface $response, Psr\Log\LoggerInterface $logger), because class App\Controllers\RequestInterface is not available
in APPPATH\Controllers\Home.php on line 10.
 1 [internal function]: CodeIgniter\Debug\Exceptions->shutdownHandler()
CRITICAL - 2023-01-16 15:57:18 --> Undefined variable $session
in APPPATH\Controllers\Home.php on line 35.
 1 APPPATH\Controllers\Home.php(35): CodeIgniter\Debug\Exceptions->errorHandler(2, 'Undefined variable $session', 'APPPATH\\Controllers\\Home.php', 35)
 2 SYSTEMPATH\CodeIgniter.php(927): App\Controllers\Home->index()
 3 SYSTEMPATH\CodeIgniter.php(482): CodeIgniter\CodeIgniter->runController(Object(App\Controllers\Home))
 4 SYSTEMPATH\CodeIgniter.php(351): CodeIgniter\CodeIgniter->handleRequest(null, Object(Config\Cache), false)
 5 FCPATH\index.php(67): CodeIgniter\CodeIgniter->run()
CRITICAL - 2023-01-16 15:59:52 --> Undefined variable $username
in APPPATH\Views\topnavbar.php on line 18.
 1 APPPATH\Views\topnavbar.php(18): CodeIgniter\Debug\Exceptions->errorHandler(2, 'Undefined variable $username', 'APPPATH\\Views\\topnavbar.php', 18)
 2 SYSTEMPATH\View\View.php(213): include('APPPATH\\Views\\topnavbar.php')
 3 SYSTEMPATH\View\View.php(216): CodeIgniter\View\View->CodeIgniter\View\{closure}()
 4 SYSTEMPATH\View\View.php(431): CodeIgniter\View\View->render('topnavbar', null, true)
 5 APPPATH\Views\form_input_cbm.php(7): CodeIgniter\View\View->include('topnavbar')
 6 SYSTEMPATH\View\View.php(213): include('APPPATH\\Views\\form_input_cbm.php')
 7 SYSTEMPATH\View\View.php(216): CodeIgniter\View\View->CodeIgniter\View\{closure}()
 8 SYSTEMPATH\Common.php(1134): CodeIgniter\View\View->render('form_input_cbm', [], true)
 9 APPPATH\Controllers\Admin.php(59): view('form_input_cbm', [...])
10 SYSTEMPATH\CodeIgniter.php(927): App\Controllers\Admin->input()
11 SYSTEMPATH\CodeIgniter.php(482): CodeIgniter\CodeIgniter->runController(Object(App\Controllers\Admin))
12 SYSTEMPATH\CodeIgniter.php(351): CodeIgniter\CodeIgniter->handleRequest(null, Object(Config\Cache), false)
13 FCPATH\index.php(67): CodeIgniter\CodeIgniter->run()
CRITICAL - 2023-01-16 16:03:15 --> Undefined variable $username
in APPPATH\Views\topnavbar.php on line 18.
 1 APPPATH\Views\topnavbar.php(18): CodeIgniter\Debug\Exceptions->errorHandler(2, 'Undefined variable $username', 'APPPATH\\Views\\topnavbar.php', 18)
 2 SYSTEMPATH\View\View.php(213): include('APPPATH\\Views\\topnavbar.php')
 3 SYSTEMPATH\View\View.php(216): CodeIgniter\View\View->CodeIgniter\View\{closure}()
 4 SYSTEMPATH\View\View.php(431): CodeIgniter\View\View->render('topnavbar', null, true)
 5 APPPATH\Views\form_input_cbm.php(7): CodeIgniter\View\View->include('topnavbar')
 6 SYSTEMPATH\View\View.php(213): include('APPPATH\\Views\\form_input_cbm.php')
 7 SYSTEMPATH\View\View.php(216): CodeIgniter\View\View->CodeIgniter\View\{closure}()
 8 SYSTEMPATH\Common.php(1134): CodeIgniter\View\View->render('form_input_cbm', [], true)
 9 APPPATH\Controllers\Admin.php(67): view('form_input_cbm', [...])
10 SYSTEMPATH\CodeIgniter.php(927): App\Controllers\Admin->input()
11 SYSTEMPATH\CodeIgniter.php(482): CodeIgniter\CodeIgniter->runController(Object(App\Controllers\Admin))
12 SYSTEMPATH\CodeIgniter.php(351): CodeIgniter\CodeIgniter->handleRequest(null, Object(Config\Cache), false)
13 FCPATH\index.php(67): CodeIgniter\CodeIgniter->run()
CRITICAL - 2023-01-16 16:03:32 --> Undefined variable $username
in APPPATH\Views\topnavbar.php on line 18.
 1 APPPATH\Views\topnavbar.php(18): CodeIgniter\Debug\Exceptions->errorHandler(2, 'Undefined variable $username', 'APPPATH\\Views\\topnavbar.php', 18)
 2 SYSTEMPATH\View\View.php(213): include('APPPATH\\Views\\topnavbar.php')
 3 SYSTEMPATH\View\View.php(216): CodeIgniter\View\View->CodeIgniter\View\{closure}()
 4 SYSTEMPATH\View\View.php(431): CodeIgniter\View\View->render('topnavbar', null, true)
 5 APPPATH\Views\form_input_cbm.php(7): CodeIgniter\View\View->include('topnavbar')
 6 SYSTEMPATH\View\View.php(213): include('APPPATH\\Views\\form_input_cbm.php')
 7 SYSTEMPATH\View\View.php(216): CodeIgniter\View\View->CodeIgniter\View\{closure}()
 8 SYSTEMPATH\Common.php(1134): CodeIgniter\View\View->render('form_input_cbm', [], true)
 9 APPPATH\Controllers\Admin.php(67): view('form_input_cbm', [...])
10 SYSTEMPATH\CodeIgniter.php(927): App\Controllers\Admin->input()
11 SYSTEMPATH\CodeIgniter.php(482): CodeIgniter\CodeIgniter->runController(Object(App\Controllers\Admin))
12 SYSTEMPATH\CodeIgniter.php(351): CodeIgniter\CodeIgniter->handleRequest(null, Object(Config\Cache), false)
13 FCPATH\index.php(67): CodeIgniter\CodeIgniter->run()
